<?xml version="1.0" encoding="UTF-8"?>
<testng-results ignored="0" total="1" passed="1" failed="0" skipped="0">
  <reporter-output>
  </reporter-output>
  <suite started-at="2023-02-28T13:57:25 IST" name="Default suite" finished-at="2023-02-28T14:00:01 IST" duration-ms="155640">
    <groups>
    </groups>
    <test started-at="2023-02-28T13:57:25 IST" name="Default test" finished-at="2023-02-28T14:00:01 IST" duration-ms="155640">
      <class name="testScripts.ThirdTest">
        <test-method is-config="true" signature="classConfiguration()[pri:0, instance:testScripts.ThirdTest@4738a206]" started-at="2023-02-28T13:57:25 IST" name="classConfiguration" finished-at="2023-02-28T13:57:31 IST" duration-ms="5559" status="PASS">
          <reporter-output>
          </reporter-output>
        </test-method> <!-- classConfiguration -->
        <test-method is-config="true" signature="methodConfiguration()[pri:0, instance:testScripts.ThirdTest@4738a206]" started-at="2023-02-28T13:57:31 IST" name="methodConfiguration" finished-at="2023-02-28T13:58:58 IST" duration-ms="86615" status="PASS">
          <reporter-output>
          </reporter-output>
        </test-method> <!-- methodConfiguration -->
        <test-method signature="thirdTest()[pri:0, instance:testScripts.ThirdTest@4738a206]" started-at="2023-02-28T13:58:58 IST" name="thirdTest" finished-at="2023-02-28T13:59:52 IST" duration-ms="54656" status="PASS">
          <reporter-output>
          </reporter-output>
        </test-method> <!-- thirdTest -->
        <test-method is-config="true" signature="methodTeardown()[pri:0, instance:testScripts.ThirdTest@4738a206]" started-at="2023-02-28T13:59:52 IST" name="methodTeardown" finished-at="2023-02-28T14:00:01 IST" duration-ms="8610" status="PASS">
          <reporter-output>
          </reporter-output>
        </test-method> <!-- methodTeardown -->
        <test-method is-config="true" signature="classTeardown()[pri:0, instance:testScripts.ThirdTest@4738a206]" started-at="2023-02-28T14:00:01 IST" name="classTeardown" finished-at="2023-02-28T14:00:01 IST" duration-ms="1" status="PASS">
          <reporter-output>
          </reporter-output>
        </test-method> <!-- classTeardown -->
      </class> <!-- testScripts.ThirdTest -->
    </test> <!-- Default test -->
  </suite> <!-- Default suite -->
</testng-results>
